/usr/bin/iouyap: Parsing NETMAP...
/usr/bin/iouyap: --------------
/usr/bin/iouyap: Configuring 525:5/0...
/usr/bin/iouyap: starting foreign listener
/usr/bin/iouyap: --------------
/usr/bin/iouyap: Configuring 525:2/1...
/usr/bin/iouyap: starting foreign listener
/usr/bin/iouyap: --------------
/usr/bin/iouyap: Configuring 525:5/1...
/usr/bin/iouyap: starting foreign listener
/usr/bin/iouyap: --------------
/usr/bin/iouyap: Configuring 525:4/2...
/usr/bin/iouyap: starting foreign listener
/usr/bin/iouyap: --------------
/usr/bin/iouyap: Configuring 525:5/2...
/usr/bin/iouyap: starting foreign listener
/usr/bin/iouyap: --------------
/usr/bin/iouyap: Configuring 525:4/3...
/usr/bin/iouyap: starting foreign listener
/usr/bin/iouyap: --------------
/usr/bin/iouyap: Configuring 525:5/3...
/usr/bin/iouyap: starting foreign listener
/usr/bin/iouyap: --------------
/usr/bin/iouyap: Starting IOU UDS listener
/usr/bin/iouyap: Starting IOU UDP listener
/usr/bin/iouyap: Main thread going to sleep
/usr/bin/iouyap: Received signal 15
/usr/bin/iouyap: Stopping listeners and cleaning up
/usr/bin/iouyap: Exiting
