/usr/bin/iouyap: Parsing NETMAP...
/usr/bin/iouyap: --------------
/usr/bin/iouyap: Configuring 520:0/0...
/usr/bin/iouyap: starting foreign listener
/usr/bin/iouyap: --------------
/usr/bin/iouyap: Configuring 520:1/0...
/usr/bin/iouyap: starting foreign listener
/usr/bin/iouyap: --------------
/usr/bin/iouyap: Configuring 520:2/0...
/usr/bin/iouyap: starting foreign listener
/usr/bin/iouyap: --------------
/usr/bin/iouyap: Configuring 520:5/0...
/usr/bin/iouyap: starting foreign listener
/usr/bin/iouyap: --------------
/usr/bin/iouyap: Configuring 520:0/1...
/usr/bin/iouyap: starting foreign listener
/usr/bin/iouyap: --------------
/usr/bin/iouyap: Configuring 520:1/1...
/usr/bin/iouyap: starting foreign listener
/usr/bin/iouyap: --------------
/usr/bin/iouyap: Configuring 520:2/1...
/usr/bin/iouyap: starting foreign listener
/usr/bin/iouyap: --------------
/usr/bin/iouyap: Configuring 520:4/1...
/usr/bin/iouyap: starting foreign listener
/usr/bin/iouyap: --------------
/usr/bin/iouyap: Configuring 520:5/1...
/usr/bin/iouyap: starting foreign listener
/usr/bin/iouyap: --------------
/usr/bin/iouyap: Configuring 520:0/2...
/usr/bin/iouyap: starting foreign listener
/usr/bin/iouyap: --------------
/usr/bin/iouyap: Configuring 520:1/2...
/usr/bin/iouyap: starting foreign listener
/usr/bin/iouyap: --------------
/usr/bin/iouyap: Configuring 520:4/2...
/usr/bin/iouyap: starting foreign listener
/usr/bin/iouyap: --------------
/usr/bin/iouyap: Configuring 520:5/2...
/usr/bin/iouyap: starting foreign listener
/usr/bin/iouyap: --------------
/usr/bin/iouyap: Configuring 520:0/3...
/usr/bin/iouyap: starting foreign listener
/usr/bin/iouyap: --------------
/usr/bin/iouyap: Configuring 520:1/3...
/usr/bin/iouyap: starting foreign listener
/usr/bin/iouyap: --------------
/usr/bin/iouyap: Configuring 520:4/3...
/usr/bin/iouyap: starting foreign listener
/usr/bin/iouyap: --------------
/usr/bin/iouyap: Configuring 520:5/3...
/usr/bin/iouyap: starting foreign listener
/usr/bin/iouyap: --------------
/usr/bin/iouyap: Starting IOU UDS listener
/usr/bin/iouyap: Starting IOU UDP listener
/usr/bin/iouyap: Main thread going to sleep
/usr/bin/iouyap: Received signal 15
/usr/bin/iouyap: Stopping listeners and cleaning up
/usr/bin/iouyap: Exiting
